[main] INFO  APILogs  - ********* started the get call***********
[main] DEBUG org.apache.http.impl.conn.BasicClientConnectionManager  - Get connection for route {s}->https://reqres.in:443
[main] DEBUG org.apache.http.impl.conn.DefaultClientConnectionOperator  - Connecting to reqres.in:443
[main] DEBUG org.apache.http.client.protocol.RequestAddCookies  - CookieSpec selected: ignoreCookies
[main] DEBUG org.apache.http.client.protocol.RequestAuthCache  - Auth cache not set in the context
[main] DEBUG org.apache.http.client.protocol.RequestTargetAuthentication  - Target auth state: UNCHALLENGED
[main] DEBUG org.apache.http.client.protocol.RequestProxyAuthentication  - Proxy auth state: UNCHALLENGED
[main] DEBUG org.apache.http.impl.client.DefaultHttpClient  - Attempt 1 to execute request
[main] DEBUG org.apache.http.impl.conn.DefaultClientConnection  - Sending request: GET /api/users HTTP/1.1
[main] DEBUG org.apache.http.wire  -  >> "GET /api/users HTTP/1.1[\r][\n]"
[main] DEBUG org.apache.http.wire  -  >> "Accept: */*[\r][\n]"
[main] DEBUG org.apache.http.wire  -  >> "Host: reqres.in[\r][\n]"
[main] DEBUG org.apache.http.wire  -  >> "Connection: Keep-Alive[\r][\n]"
[main] DEBUG org.apache.http.wire  -  >> "User-Agent: Apache-HttpClient/4.5.3 (Java/1.8.0_265)[\r][\n]"
[main] DEBUG org.apache.http.wire  -  >> "Accept-Encoding: gzip,deflate[\r][\n]"
[main] DEBUG org.apache.http.wire  -  >> "[\r][\n]"
[main] DEBUG org.apache.http.headers  - >> GET /api/users HTTP/1.1
[main] DEBUG org.apache.http.headers  - >> Accept: */*
[main] DEBUG org.apache.http.headers  - >> Host: reqres.in
[main] DEBUG org.apache.http.headers  - >> Connection: Keep-Alive
[main] DEBUG org.apache.http.headers  - >> User-Agent: Apache-HttpClient/4.5.3 (Java/1.8.0_265)
[main] DEBUG org.apache.http.headers  - >> Accept-Encoding: gzip,deflate
[main] DEBUG org.apache.http.wire  -  << "HTTP/1.1 200 OK[\r][\n]"
[main] DEBUG org.apache.http.wire  -  << "Date: Fri, 03 Dec 2021 07:27:14 GMT[\r][\n]"
[main] DEBUG org.apache.http.wire  -  << "Content-Type: application/json; charset=utf-8[\r][\n]"
[main] DEBUG org.apache.http.wire  -  << "Transfer-Encoding: chunked[\r][\n]"
[main] DEBUG org.apache.http.wire  -  << "Connection: keep-alive[\r][\n]"
[main] DEBUG org.apache.http.wire  -  << "x-powered-by: Express[\r][\n]"
[main] DEBUG org.apache.http.wire  -  << "access-control-allow-origin: *[\r][\n]"
[main] DEBUG org.apache.http.wire  -  << "etag: W/"3e4-2RLXvr5wTg9YQ6aH95CkYoFNuO8"[\r][\n]"
[main] DEBUG org.apache.http.wire  -  << "via: 1.1 vegur[\r][\n]"
[main] DEBUG org.apache.http.wire  -  << "Cache-Control: max-age=14400[\r][\n]"
[main] DEBUG org.apache.http.wire  -  << "CF-Cache-Status: HIT[\r][\n]"
[main] DEBUG org.apache.http.wire  -  << "Age: 4951[\r][\n]"
[main] DEBUG org.apache.http.wire  -  << "Expect-CT: max-age=604800, report-uri="https://report-uri.cloudflare.com/cdn-cgi/beacon/expect-ct"[\r][\n]"
[main] DEBUG org.apache.http.wire  -  << "Report-To: {"endpoints":[{"url":"https:\/\/a.nel.cloudflare.com\/report\/v3?s=ZAHCkrfvwJWMzEC1%2BezC0bixh5UsjCFPepxWl7zxTZJ98mEacsLN4%2Bj8w%2FUDwjsROWN8K4J75a5F%2BC3wGjMeJFJiBDxuswXz2qDfgMU3Q60wjD95j%2FNYvxsd4Qk%3D"}],"group":"cf-nel","max_age":604800}[\r][\n]"
[main] DEBUG org.apache.http.wire  -  << "NEL: {"success_fraction":0,"report_to":"cf-nel","max_age":604800}[\r][\n]"
[main] DEBUG org.apache.http.wire  -  << "Vary: Accept-Encoding[\r][\n]"
[main] DEBUG org.apache.http.wire  -  << "Server: cloudflare[\r][\n]"
[main] DEBUG org.apache.http.wire  -  << "CF-RAY: 6b7b1241eb145a5d-IAD[\r][\n]"
[main] DEBUG org.apache.http.wire  -  << "Content-Encoding: gzip[\r][\n]"
[main] DEBUG org.apache.http.wire  -  << "alt-svc: h3=":443"; ma=86400, h3-29=":443"; ma=86400, h3-28=":443"; ma=86400, h3-27=":443"; ma=86400[\r][\n]"
[main] DEBUG org.apache.http.wire  -  << "[\r][\n]"
[main] DEBUG org.apache.http.impl.conn.DefaultClientConnection  - Receiving response: HTTP/1.1 200 OK
[main] DEBUG org.apache.http.headers  - << HTTP/1.1 200 OK
[main] DEBUG org.apache.http.headers  - << Date: Fri, 03 Dec 2021 07:27:14 GMT
[main] DEBUG org.apache.http.headers  - << Content-Type: application/json; charset=utf-8
[main] DEBUG org.apache.http.headers  - << Transfer-Encoding: chunked
[main] DEBUG org.apache.http.headers  - << Connection: keep-alive
[main] DEBUG org.apache.http.headers  - << x-powered-by: Express
[main] DEBUG org.apache.http.headers  - << access-control-allow-origin: *
[main] DEBUG org.apache.http.headers  - << etag: W/"3e4-2RLXvr5wTg9YQ6aH95CkYoFNuO8"
[main] DEBUG org.apache.http.headers  - << via: 1.1 vegur
[main] DEBUG org.apache.http.headers  - << Cache-Control: max-age=14400
[main] DEBUG org.apache.http.headers  - << CF-Cache-Status: HIT
[main] DEBUG org.apache.http.headers  - << Age: 4951
[main] DEBUG org.apache.http.headers  - << Expect-CT: max-age=604800, report-uri="https://report-uri.cloudflare.com/cdn-cgi/beacon/expect-ct"
[main] DEBUG org.apache.http.headers  - << Report-To: {"endpoints":[{"url":"https:\/\/a.nel.cloudflare.com\/report\/v3?s=ZAHCkrfvwJWMzEC1%2BezC0bixh5UsjCFPepxWl7zxTZJ98mEacsLN4%2Bj8w%2FUDwjsROWN8K4J75a5F%2BC3wGjMeJFJiBDxuswXz2qDfgMU3Q60wjD95j%2FNYvxsd4Qk%3D"}],"group":"cf-nel","max_age":604800}
[main] DEBUG org.apache.http.headers  - << NEL: {"success_fraction":0,"report_to":"cf-nel","max_age":604800}
[main] DEBUG org.apache.http.headers  - << Vary: Accept-Encoding
[main] DEBUG org.apache.http.headers  - << Server: cloudflare
[main] DEBUG org.apache.http.headers  - << CF-RAY: 6b7b1241eb145a5d-IAD
[main] DEBUG org.apache.http.headers  - << Content-Encoding: gzip
[main] DEBUG org.apache.http.headers  - << alt-svc: h3=":443"; ma=86400, h3-29=":443"; ma=86400, h3-28=":443"; ma=86400, h3-27=":443"; ma=86400
[main] DEBUG org.apache.http.impl.client.DefaultHttpClient  - Connection can be kept alive indefinitely
[main] DEBUG io.restassured.internal.RequestSpecificationImpl$RestAssuredHttpBuilder  - Parsing response as: application/json; charset=utf-8
[main] DEBUG org.apache.http.wire  -  << "170[\r][\n]"
[main] DEBUG org.apache.http.wire  -  << "[0x1f][0x8b][0x8][0x0][0x0][0x0][0x0][0x0][0x0][0x3][0x8d][0xd1]MK[0xc4]0[0x10][0x6][0xe0][0xbf][0x12][0xc7]kl[0xd9][0xf][0xf7][0x90][0x93]([0xa2][0x8]^[0x16][0xc1][0x83][0x88][0x8c][0xed]l[0x1b]m[0x9a]8[0x99][0xed]*[0xcb][0xfe]w[0xd9][0xae]X)][0xe9]-[0x1f][0xef][0x9b]y [[0x8]X[0x10][0x98][0x89][0x86]@[0xfc]r[0xd8],4[0x88][0x17][0xac][0xc0]L[0xa6]?[0xcb][0xf6]&[0x82][0x99]j[0xc8]Q[0x10][0xcc][0xd3][0x16]l[0xde][0xf6][0xc8][0xa1][0xad][0xc0]@A[0x9e][0xb]J^[0xab][0xb5][0x94][0x17]L[0x1f]L1[0xb1]5hXY[0x8e][0xf2]R[0xa3]#0p[0xd3][0xa6]@C[0x85][0xdd][0xe1][0xe5][0xbe][0x3][0x1a][0xb0]AA[0x6][0x3][0xa5]H[0x88]&M[0x9f]I[0xad]+[0xd2][0x15]f[0x14][0xd3][0xc9][0x99]uXP[0xf2][0x16][\n]"
[main] DEBUG org.apache.http.wire  -  << "[0xd8][0xe9][0x3]c[0xda]1[0xde][0xb0]&I6[0x84][\r][0xf1]q[0xc6][0xdd]>[0xd5]S<[0xb6][0x9d][0xb1][0x8c][0xe9][0x0]c[0xd6]1[0xc8]9L6[0xbe].[0x8e][0x1b][0xae][0x9d][0xc3]>[0xc1][0xd7][0xc5]X[0xc0]l[0x0]0[0xff][0x3]h()}%[0xff][0xcc]o[0xfa][0xff]p[0xeb]+[0x19];~>0[0xfe][0xbc][0x1b][0x9f][0x95][0xc8][0x15][0xc5][0xc4]yf[0x1b][0x8f]#[0xae][0xe][0xb9][0x1e][0xe4][0xbe]m[0x8d][0xa5][0x9c][0xf]P[0x16][0x1d]E[0x18]3[0xfa]J[0x18][0x9d][0xff][0x7][0xf2][0xd0][0xa6]z[0x8e][0xe5][0xbe]3[0x96][0xb1][0xf8][0xcb]x[0xd6][0x10][0xd7]!x[0x16]0[Xs5X>[0xfd][0xc9][0x9c][0x95][0x84][0xb9]m[0xff]^[0xe8]S[0xf6][0x1c][0xaf][0xde][0x89][0x82]Z[0xd2][0xc7][0x92][0xa2]Z1[0x91]V[0x99][0xaf][0x85][0xed][0xeb]Z[0xac][0xaf][0xa3][0x12][0xbf]A[0xce][0xa3][0x8a][0xc4][\r][0xb1][0xca]|[0x94][0xa8][0x90]Ia[0x8]L[0x99]E[0xa1][0xfc][0x4]v[0xbb]o[0xcc]?[0x16][0xce][0xe4][0x3][0x0][0x0]"
[main] DEBUG org.apache.http.wire  -  << "[\r][\n]"
[main] DEBUG org.apache.http.wire  -  << "0[\r][\n]"
[main] DEBUG org.apache.http.wire  -  << "[\r][\n]"
[main] DEBUG io.restassured.internal.RequestSpecificationImpl$RestAssuredHttpBuilder  - Parsed data to instance of: class org.apache.http.conn.EofSensorInputStream
[main] DEBUG org.apache.http.impl.conn.BasicClientConnectionManager  - Releasing connection org.apache.http.impl.conn.ManagedClientConnectionImpl@6d1d4d7
[main] DEBUG org.apache.http.impl.conn.BasicClientConnectionManager  - Connection can be kept alive indefinitely
[main] INFO  APILogs  - ********* started the get call***********
[main] DEBUG org.apache.http.impl.conn.BasicClientConnectionManager  - Get connection for route {s}->https://reqres.in:443
[main] DEBUG org.apache.http.impl.conn.DefaultClientConnectionOperator  - Connecting to reqres.in:443
[main] DEBUG org.apache.http.client.protocol.RequestAddCookies  - CookieSpec selected: ignoreCookies
[main] DEBUG org.apache.http.client.protocol.RequestAuthCache  - Auth cache not set in the context
[main] DEBUG org.apache.http.client.protocol.RequestTargetAuthentication  - Target auth state: UNCHALLENGED
[main] DEBUG org.apache.http.client.protocol.RequestProxyAuthentication  - Proxy auth state: UNCHALLENGED
[main] DEBUG org.apache.http.impl.client.DefaultHttpClient  - Attempt 1 to execute request
[main] DEBUG org.apache.http.impl.conn.DefaultClientConnection  - Sending request: POST /api/users HTTP/1.1
[main] DEBUG org.apache.http.wire  -  >> "POST /api/users HTTP/1.1[\r][\n]"
[main] DEBUG org.apache.http.wire  -  >> "Accept: application/json, application/javascript, text/javascript, text/json[\r][\n]"
[main] DEBUG org.apache.http.wire  -  >> "Content-Type: application/json; charset=UTF-8[\r][\n]"
[main] DEBUG org.apache.http.wire  -  >> "Content-Length: 184[\r][\n]"
[main] DEBUG org.apache.http.wire  -  >> "Host: reqres.in[\r][\n]"
[main] DEBUG org.apache.http.wire  -  >> "Connection: Keep-Alive[\r][\n]"
[main] DEBUG org.apache.http.wire  -  >> "User-Agent: Apache-HttpClient/4.5.3 (Java/1.8.0_265)[\r][\n]"
[main] DEBUG org.apache.http.wire  -  >> "Accept-Encoding: gzip,deflate[\r][\n]"
[main] DEBUG org.apache.http.wire  -  >> "[\r][\n]"
[main] DEBUG org.apache.http.headers  - >> POST /api/users HTTP/1.1
[main] DEBUG org.apache.http.headers  - >> Accept: application/json, application/javascript, text/javascript, text/json
[main] DEBUG org.apache.http.headers  - >> Content-Type: application/json; charset=UTF-8
[main] DEBUG org.apache.http.headers  - >> Content-Length: 184
[main] DEBUG org.apache.http.headers  - >> Host: reqres.in
[main] DEBUG org.apache.http.headers  - >> Connection: Keep-Alive
[main] DEBUG org.apache.http.headers  - >> User-Agent: Apache-HttpClient/4.5.3 (Java/1.8.0_265)
[main] DEBUG org.apache.http.headers  - >> Accept-Encoding: gzip,deflate
[main] DEBUG org.apache.http.wire  -  >> "[[\n]"
[main] DEBUG org.apache.http.wire  -  >> "    {[\n]"
[main] DEBUG org.apache.http.wire  -  >> "        "id": 100,[\n]"
[main] DEBUG org.apache.http.wire  -  >> "        "email": "abc@xyz.com",[\n]"
[main] DEBUG org.apache.http.wire  -  >> "        "first_name": "Nik",[\n]"
[main] DEBUG org.apache.http.wire  -  >> "        "last_name": "Shah",[\n]"
[main] DEBUG org.apache.http.wire  -  >> "        "avatar": "https://reqres.in/img/faces/1-image.jpg"[\n]"
[main] DEBUG org.apache.http.wire  -  >> "    }[\n]"
[main] DEBUG org.apache.http.wire  -  >> "]"
[main] DEBUG org.apache.http.wire  -  << "HTTP/1.1 201 Created[\r][\n]"
[main] DEBUG org.apache.http.wire  -  << "Date: Fri, 03 Dec 2021 07:28:31 GMT[\r][\n]"
[main] DEBUG org.apache.http.wire  -  << "Content-Type: application/json; charset=utf-8[\r][\n]"
[main] DEBUG org.apache.http.wire  -  << "Content-Length: 123[\r][\n]"
[main] DEBUG org.apache.http.wire  -  << "Connection: keep-alive[\r][\n]"
[main] DEBUG org.apache.http.wire  -  << "x-powered-by: Express[\r][\n]"
[main] DEBUG org.apache.http.wire  -  << "access-control-allow-origin: *[\r][\n]"
[main] DEBUG org.apache.http.wire  -  << "etag: W/"7b-2jv8couE5Lu5H9jhDTdL0yWlSII"[\r][\n]"
[main] DEBUG org.apache.http.wire  -  << "via: 1.1 vegur[\r][\n]"
[main] DEBUG org.apache.http.wire  -  << "CF-Cache-Status: DYNAMIC[\r][\n]"
[main] DEBUG org.apache.http.wire  -  << "Expect-CT: max-age=604800, report-uri="https://report-uri.cloudflare.com/cdn-cgi/beacon/expect-ct"[\r][\n]"
[main] DEBUG org.apache.http.wire  -  << "Report-To: {"endpoints":[{"url":"https:\/\/a.nel.cloudflare.com\/report\/v3?s=4MP8zpl3B01wAQ4%2Bd0reipzVeUQDT8C7FnAFkcEb3nsgNlyjb2vS4J93idxTl9mwYRZm2a%2B3NnF7UThI0Vgrw4yq6l0nCEZoH7H0qJ1Tk6w02pFcxDtSsFHAs2w%3D"}],"group":"cf-nel","max_age":604800}[\r][\n]"
[main] DEBUG org.apache.http.wire  -  << "NEL: {"success_fraction":0,"report_to":"cf-nel","max_age":604800}[\r][\n]"
[main] DEBUG org.apache.http.wire  -  << "Server: cloudflare[\r][\n]"
[main] DEBUG org.apache.http.wire  -  << "CF-RAY: 6b7b14214906700d-IAD[\r][\n]"
[main] DEBUG org.apache.http.wire  -  << "alt-svc: h3=":443"; ma=86400, h3-29=":443"; ma=86400, h3-28=":443"; ma=86400, h3-27=":443"; ma=86400[\r][\n]"
[main] DEBUG org.apache.http.wire  -  << "[\r][\n]"
[main] DEBUG org.apache.http.impl.conn.DefaultClientConnection  - Receiving response: HTTP/1.1 201 Created
[main] DEBUG org.apache.http.headers  - << HTTP/1.1 201 Created
[main] DEBUG org.apache.http.headers  - << Date: Fri, 03 Dec 2021 07:28:31 GMT
[main] DEBUG org.apache.http.headers  - << Content-Type: application/json; charset=utf-8
[main] DEBUG org.apache.http.headers  - << Content-Length: 123
[main] DEBUG org.apache.http.headers  - << Connection: keep-alive
[main] DEBUG org.apache.http.headers  - << x-powered-by: Express
[main] DEBUG org.apache.http.headers  - << access-control-allow-origin: *
[main] DEBUG org.apache.http.headers  - << etag: W/"7b-2jv8couE5Lu5H9jhDTdL0yWlSII"
[main] DEBUG org.apache.http.headers  - << via: 1.1 vegur
[main] DEBUG org.apache.http.headers  - << CF-Cache-Status: DYNAMIC
[main] DEBUG org.apache.http.headers  - << Expect-CT: max-age=604800, report-uri="https://report-uri.cloudflare.com/cdn-cgi/beacon/expect-ct"
[main] DEBUG org.apache.http.headers  - << Report-To: {"endpoints":[{"url":"https:\/\/a.nel.cloudflare.com\/report\/v3?s=4MP8zpl3B01wAQ4%2Bd0reipzVeUQDT8C7FnAFkcEb3nsgNlyjb2vS4J93idxTl9mwYRZm2a%2B3NnF7UThI0Vgrw4yq6l0nCEZoH7H0qJ1Tk6w02pFcxDtSsFHAs2w%3D"}],"group":"cf-nel","max_age":604800}
[main] DEBUG org.apache.http.headers  - << NEL: {"success_fraction":0,"report_to":"cf-nel","max_age":604800}
[main] DEBUG org.apache.http.headers  - << Server: cloudflare
[main] DEBUG org.apache.http.headers  - << CF-RAY: 6b7b14214906700d-IAD
[main] DEBUG org.apache.http.headers  - << alt-svc: h3=":443"; ma=86400, h3-29=":443"; ma=86400, h3-28=":443"; ma=86400, h3-27=":443"; ma=86400
[main] DEBUG org.apache.http.impl.client.DefaultHttpClient  - Connection can be kept alive indefinitely
[main] DEBUG io.restassured.internal.RequestSpecificationImpl$RestAssuredHttpBuilder  - Parsing response as: application/json; charset=utf-8
[main] DEBUG io.restassured.internal.RequestSpecificationImpl$RestAssuredHttpBuilder  - Parsed data to instance of: class org.apache.http.conn.EofSensorInputStream
[main] DEBUG org.apache.http.wire  -  << "[{"id":100,"email":"abc@xyz.com","first_name":"Nik","last_name":"Shah","avatar":"https://reqres.in/img/faces/1-image.jpg"}]"
[main] DEBUG org.apache.http.impl.conn.BasicClientConnectionManager  - Releasing connection org.apache.http.impl.conn.ManagedClientConnectionImpl@29a60c27
[main] DEBUG org.apache.http.impl.conn.BasicClientConnectionManager  - Connection can be kept alive indefinitely
[main] INFO  APILogs  - ********* started the get call***********
[main] DEBUG org.apache.http.impl.conn.BasicClientConnectionManager  - Get connection for route {s}->https://reqres.in:443
[main] DEBUG org.apache.http.impl.conn.DefaultClientConnectionOperator  - Connecting to reqres.in:443
[main] DEBUG org.apache.http.client.protocol.RequestAddCookies  - CookieSpec selected: ignoreCookies
[main] DEBUG org.apache.http.client.protocol.RequestAuthCache  - Auth cache not set in the context
[main] DEBUG org.apache.http.client.protocol.RequestTargetAuthentication  - Target auth state: UNCHALLENGED
[main] DEBUG org.apache.http.client.protocol.RequestProxyAuthentication  - Proxy auth state: UNCHALLENGED
[main] DEBUG org.apache.http.impl.client.DefaultHttpClient  - Attempt 1 to execute request
[main] DEBUG org.apache.http.impl.conn.DefaultClientConnection  - Sending request: GET /api/users HTTP/1.1
[main] DEBUG org.apache.http.wire  -  >> "GET /api/users HTTP/1.1[\r][\n]"
[main] DEBUG org.apache.http.wire  -  >> "Accept: */*[\r][\n]"
[main] DEBUG org.apache.http.wire  -  >> "Host: reqres.in[\r][\n]"
[main] DEBUG org.apache.http.wire  -  >> "Connection: Keep-Alive[\r][\n]"
[main] DEBUG org.apache.http.wire  -  >> "User-Agent: Apache-HttpClient/4.5.3 (Java/1.8.0_265)[\r][\n]"
[main] DEBUG org.apache.http.wire  -  >> "Accept-Encoding: gzip,deflate[\r][\n]"
[main] DEBUG org.apache.http.wire  -  >> "[\r][\n]"
[main] DEBUG org.apache.http.headers  - >> GET /api/users HTTP/1.1
[main] DEBUG org.apache.http.headers  - >> Accept: */*
[main] DEBUG org.apache.http.headers  - >> Host: reqres.in
[main] DEBUG org.apache.http.headers  - >> Connection: Keep-Alive
[main] DEBUG org.apache.http.headers  - >> User-Agent: Apache-HttpClient/4.5.3 (Java/1.8.0_265)
[main] DEBUG org.apache.http.headers  - >> Accept-Encoding: gzip,deflate
[main] DEBUG org.apache.http.wire  -  << "HTTP/1.1 200 OK[\r][\n]"
[main] DEBUG org.apache.http.wire  -  << "Date: Sat, 04 Dec 2021 13:53:45 GMT[\r][\n]"
[main] DEBUG org.apache.http.wire  -  << "Content-Type: application/json; charset=utf-8[\r][\n]"
[main] DEBUG org.apache.http.wire  -  << "Transfer-Encoding: chunked[\r][\n]"
[main] DEBUG org.apache.http.wire  -  << "Connection: keep-alive[\r][\n]"
[main] DEBUG org.apache.http.wire  -  << "x-powered-by: Express[\r][\n]"
[main] DEBUG org.apache.http.wire  -  << "access-control-allow-origin: *[\r][\n]"
[main] DEBUG org.apache.http.wire  -  << "etag: W/"3e4-2RLXvr5wTg9YQ6aH95CkYoFNuO8"[\r][\n]"
[main] DEBUG org.apache.http.wire  -  << "via: 1.1 vegur[\r][\n]"
[main] DEBUG org.apache.http.wire  -  << "Cache-Control: max-age=14400[\r][\n]"
[main] DEBUG org.apache.http.wire  -  << "CF-Cache-Status: HIT[\r][\n]"
[main] DEBUG org.apache.http.wire  -  << "Age: 2677[\r][\n]"
[main] DEBUG org.apache.http.wire  -  << "Expect-CT: max-age=604800, report-uri="https://report-uri.cloudflare.com/cdn-cgi/beacon/expect-ct"[\r][\n]"
[main] DEBUG org.apache.http.wire  -  << "Report-To: {"endpoints":[{"url":"https:\/\/a.nel.cloudflare.com\/report\/v3?s=KJ%2B6LMPSyzMAU6xD6iJaZEgWhk%2BwoGYTVP%2BLP4TCu%2BSuGa08EpUslQ8frkEKCAzDiJSxIbb3oeJ6%2BeL%2BnWM1dTRa4AqVNbQJcLDMZFZtCCEXuqYS9v5UjfZuJQM%3D"}],"group":"cf-nel","max_age":604800}[\r][\n]"
[main] DEBUG org.apache.http.wire  -  << "NEL: {"success_fraction":0,"report_to":"cf-nel","max_age":604800}[\r][\n]"
[main] DEBUG org.apache.http.wire  -  << "Vary: Accept-Encoding[\r][\n]"
[main] DEBUG org.apache.http.wire  -  << "Server: cloudflare[\r][\n]"
[main] DEBUG org.apache.http.wire  -  << "CF-RAY: 6b8585d5c90f7fe7-IAD[\r][\n]"
[main] DEBUG org.apache.http.wire  -  << "Content-Encoding: gzip[\r][\n]"
[main] DEBUG org.apache.http.wire  -  << "alt-svc: h3=":443"; ma=86400, h3-29=":443"; ma=86400, h3-28=":443"; ma=86400, h3-27=":443"; ma=86400[\r][\n]"
[main] DEBUG org.apache.http.wire  -  << "[\r][\n]"
[main] DEBUG org.apache.http.impl.conn.DefaultClientConnection  - Receiving response: HTTP/1.1 200 OK
[main] DEBUG org.apache.http.headers  - << HTTP/1.1 200 OK
[main] DEBUG org.apache.http.headers  - << Date: Sat, 04 Dec 2021 13:53:45 GMT
[main] DEBUG org.apache.http.headers  - << Content-Type: application/json; charset=utf-8
[main] DEBUG org.apache.http.headers  - << Transfer-Encoding: chunked
[main] DEBUG org.apache.http.headers  - << Connection: keep-alive
[main] DEBUG org.apache.http.headers  - << x-powered-by: Express
[main] DEBUG org.apache.http.headers  - << access-control-allow-origin: *
[main] DEBUG org.apache.http.headers  - << etag: W/"3e4-2RLXvr5wTg9YQ6aH95CkYoFNuO8"
[main] DEBUG org.apache.http.headers  - << via: 1.1 vegur
[main] DEBUG org.apache.http.headers  - << Cache-Control: max-age=14400
[main] DEBUG org.apache.http.headers  - << CF-Cache-Status: HIT
[main] DEBUG org.apache.http.headers  - << Age: 2677
[main] DEBUG org.apache.http.headers  - << Expect-CT: max-age=604800, report-uri="https://report-uri.cloudflare.com/cdn-cgi/beacon/expect-ct"
[main] DEBUG org.apache.http.headers  - << Report-To: {"endpoints":[{"url":"https:\/\/a.nel.cloudflare.com\/report\/v3?s=KJ%2B6LMPSyzMAU6xD6iJaZEgWhk%2BwoGYTVP%2BLP4TCu%2BSuGa08EpUslQ8frkEKCAzDiJSxIbb3oeJ6%2BeL%2BnWM1dTRa4AqVNbQJcLDMZFZtCCEXuqYS9v5UjfZuJQM%3D"}],"group":"cf-nel","max_age":604800}
[main] DEBUG org.apache.http.headers  - << NEL: {"success_fraction":0,"report_to":"cf-nel","max_age":604800}
[main] DEBUG org.apache.http.headers  - << Vary: Accept-Encoding
[main] DEBUG org.apache.http.headers  - << Server: cloudflare
[main] DEBUG org.apache.http.headers  - << CF-RAY: 6b8585d5c90f7fe7-IAD
[main] DEBUG org.apache.http.headers  - << Content-Encoding: gzip
[main] DEBUG org.apache.http.headers  - << alt-svc: h3=":443"; ma=86400, h3-29=":443"; ma=86400, h3-28=":443"; ma=86400, h3-27=":443"; ma=86400
[main] DEBUG org.apache.http.impl.client.DefaultHttpClient  - Connection can be kept alive indefinitely
[main] DEBUG io.restassured.internal.RequestSpecificationImpl$RestAssuredHttpBuilder  - Parsing response as: application/json; charset=utf-8
[main] DEBUG org.apache.http.wire  -  << "170[\r][\n]"
[main] DEBUG org.apache.http.wire  -  << "[0x1f][0x8b][0x8][0x0][0x0][0x0][0x0][0x0][0x0][0x3][0x8d][0xd1]MK[0xc4]0[0x10][0x6][0xe0][0xbf][0x12][0xc7]kl[0xd9][0xf][0xf7][0x90][0x93]([0xa2][0x8]^[0x16][0xc1][0x83][0x88][0x8c][0xed]l[0x1b]m[0x9a]8[0x99][0xed]*[0xcb][0xfe]w[0xd9][0xae]X)][0xe9]-[0x1f][0xef][0x9b]y [[0x8]X[0x10][0x98][0x89][0x86]@[0xfc]r[0xd8],4[0x88][0x17][0xac][0xc0]L[0xa6]?[0xcb][0xf6]&[0x82][0x99]j[0xc8]Q[0x10][0xcc][0xd3][0x16]l[0xde][0xf6][0xc8][0xa1][0xad][0xc0]@A[0x9e][0xb]J^[0xab][0xb5][0x94][0x17]L[0x1f]L1[0xb1]5hXY[0x8e][0xf2]R[0xa3]#0p[0xd3][0xa6]@C[0x85][0xdd][0xe1][0xe5][0xbe][0x3][0x1a][0xb0]AA[0x6][0x3][0xa5]H[0x88]&M[0x9f]I[0xad]+[0xd2][0x15]f[0x14][0xd3][0xc9][0x99]uXP[0xf2][0x16][\n]"
[main] DEBUG org.apache.http.wire  -  << "[0xd8][0xe9][0x3]c[0xda]1[0xde][0xb0]&I6[0x84][\r][0xf1]q[0xc6][0xdd]>[0xd5]S<[0xb6][0x9d][0xb1][0x8c][0xe9][0x0]c[0xd6]1[0xc8]9L6[0xbe].[0x8e][0x1b][0xae][0x9d][0xc3]>[0xc1][0xd7][0xc5]X[0xc0]l[0x0]0[0xff][0x3]h()}%[0xff][0xcc]o[0xfa][0xff]p[0xeb]+[0x19];~>0[0xfe][0xbc][0x1b][0x9f][0x95][0xc8][0x15][0xc5][0xc4]yf[0x1b][0x8f]#[0xae][0xe][0xb9][0x1e][0xe4][0xbe]m[0x8d][0xa5][0x9c][0xf]P[0x16][0x1d]E[0x18]3[0xfa]J[0x18][0x9d][0xff][0x7][0xf2][0xd0][0xa6]z[0x8e][0xe5][0xbe]3[0x96][0xb1][0xf8][0xcb]x[0xd6][0x10][0xd7]!x[0x16]0[Xs5X>[0xfd][0xc9][0x9c][0x95][0x84][0xb9]m[0xff]^[0xe8]S[0xf6][0x1c][0xaf][0xde][0x89][0x82]Z[0xd2][0xc7][0x92][0xa2]Z1[0x91]V[0x99][0xaf][0x85][0xed][0xeb]Z[0xac][0xaf][0xa3][0x12][0xbf]A[0xce][0xa3][0x8a][0xc4][\r][0xb1][0xca]|[0x94][0xa8][0x90]Ia[0x8]L[0x99]E[0xa1][0xfc][0x4]v[0xbb]o[0xcc]?[0x16][0xce][0xe4][0x3][0x0][0x0]"
[main] DEBUG org.apache.http.wire  -  << "[\r][\n]"
[main] DEBUG org.apache.http.wire  -  << "0[\r][\n]"
[main] DEBUG org.apache.http.wire  -  << "[\r][\n]"
[main] DEBUG io.restassured.internal.RequestSpecificationImpl$RestAssuredHttpBuilder  - Parsed data to instance of: class org.apache.http.conn.EofSensorInputStream
[main] DEBUG org.apache.http.impl.conn.BasicClientConnectionManager  - Releasing connection org.apache.http.impl.conn.ManagedClientConnectionImpl@6d1d4d7
[main] DEBUG org.apache.http.impl.conn.BasicClientConnectionManager  - Connection can be kept alive indefinitely
[main] INFO  APILogs  - ********* started the get call***********
[main] DEBUG org.apache.http.impl.conn.BasicClientConnectionManager  - Get connection for route {s}->https://reqres.in:443
[main] DEBUG org.apache.http.impl.conn.DefaultClientConnectionOperator  - Connecting to reqres.in:443
[main] DEBUG org.apache.http.client.protocol.RequestAddCookies  - CookieSpec selected: ignoreCookies
[main] DEBUG org.apache.http.client.protocol.RequestAuthCache  - Auth cache not set in the context
[main] DEBUG org.apache.http.client.protocol.RequestTargetAuthentication  - Target auth state: UNCHALLENGED
[main] DEBUG org.apache.http.client.protocol.RequestProxyAuthentication  - Proxy auth state: UNCHALLENGED
[main] DEBUG org.apache.http.impl.client.DefaultHttpClient  - Attempt 1 to execute request
[main] DEBUG org.apache.http.impl.conn.DefaultClientConnection  - Sending request: POST /api/users HTTP/1.1
[main] DEBUG org.apache.http.wire  -  >> "POST /api/users HTTP/1.1[\r][\n]"
[main] DEBUG org.apache.http.wire  -  >> "Accept: application/json, application/javascript, text/javascript, text/json[\r][\n]"
[main] DEBUG org.apache.http.wire  -  >> "Content-Type: application/json; charset=UTF-8[\r][\n]"
[main] DEBUG org.apache.http.wire  -  >> "Content-Length: 184[\r][\n]"
[main] DEBUG org.apache.http.wire  -  >> "Host: reqres.in[\r][\n]"
[main] DEBUG org.apache.http.wire  -  >> "Connection: Keep-Alive[\r][\n]"
[main] DEBUG org.apache.http.wire  -  >> "User-Agent: Apache-HttpClient/4.5.3 (Java/1.8.0_265)[\r][\n]"
[main] DEBUG org.apache.http.wire  -  >> "Accept-Encoding: gzip,deflate[\r][\n]"
[main] DEBUG org.apache.http.wire  -  >> "[\r][\n]"
[main] DEBUG org.apache.http.headers  - >> POST /api/users HTTP/1.1
[main] DEBUG org.apache.http.headers  - >> Accept: application/json, application/javascript, text/javascript, text/json
[main] DEBUG org.apache.http.headers  - >> Content-Type: application/json; charset=UTF-8
[main] DEBUG org.apache.http.headers  - >> Content-Length: 184
[main] DEBUG org.apache.http.headers  - >> Host: reqres.in
[main] DEBUG org.apache.http.headers  - >> Connection: Keep-Alive
[main] DEBUG org.apache.http.headers  - >> User-Agent: Apache-HttpClient/4.5.3 (Java/1.8.0_265)
[main] DEBUG org.apache.http.headers  - >> Accept-Encoding: gzip,deflate
[main] DEBUG org.apache.http.wire  -  >> "[[\n]"
[main] DEBUG org.apache.http.wire  -  >> "    {[\n]"
[main] DEBUG org.apache.http.wire  -  >> "        "id": 100,[\n]"
[main] DEBUG org.apache.http.wire  -  >> "        "email": "abc@xyz.com",[\n]"
[main] DEBUG org.apache.http.wire  -  >> "        "first_name": "Nik",[\n]"
[main] DEBUG org.apache.http.wire  -  >> "        "last_name": "Shah",[\n]"
[main] DEBUG org.apache.http.wire  -  >> "        "avatar": "https://reqres.in/img/faces/1-image.jpg"[\n]"
[main] DEBUG org.apache.http.wire  -  >> "    }[\n]"
[main] DEBUG org.apache.http.wire  -  >> "]"
[main] DEBUG org.apache.http.wire  -  << "HTTP/1.1 201 Created[\r][\n]"
[main] DEBUG org.apache.http.wire  -  << "Date: Sat, 04 Dec 2021 13:54:31 GMT[\r][\n]"
[main] DEBUG org.apache.http.wire  -  << "Content-Type: application/json; charset=utf-8[\r][\n]"
[main] DEBUG org.apache.http.wire  -  << "Content-Length: 123[\r][\n]"
[main] DEBUG org.apache.http.wire  -  << "Connection: keep-alive[\r][\n]"
[main] DEBUG org.apache.http.wire  -  << "x-powered-by: Express[\r][\n]"
[main] DEBUG org.apache.http.wire  -  << "access-control-allow-origin: *[\r][\n]"
[main] DEBUG org.apache.http.wire  -  << "etag: W/"7b-2jv8couE5Lu5H9jhDTdL0yWlSII"[\r][\n]"
[main] DEBUG org.apache.http.wire  -  << "via: 1.1 vegur[\r][\n]"
[main] DEBUG org.apache.http.wire  -  << "CF-Cache-Status: DYNAMIC[\r][\n]"
[main] DEBUG org.apache.http.wire  -  << "Expect-CT: max-age=604800, report-uri="https://report-uri.cloudflare.com/cdn-cgi/beacon/expect-ct"[\r][\n]"
[main] DEBUG org.apache.http.wire  -  << "Report-To: {"endpoints":[{"url":"https:\/\/a.nel.cloudflare.com\/report\/v3?s=HI30Ap1MmYQUeaX0N4U9Id%2F85NTkQ7HLqvr%2Bvzle2HkOgI9I5%2BCZf4UP9ipFSDP7cqFFFTVYJVhVPyq%2BgYvl6H%2BfS7MTLjM%2FcGymt3B4rNVWuazhPdg4jOGXfbQ%3D"}],"group":"cf-nel","max_age":604800}[\r][\n]"
[main] DEBUG org.apache.http.wire  -  << "NEL: {"success_fraction":0,"report_to":"cf-nel","max_age":604800}[\r][\n]"
[main] DEBUG org.apache.http.wire  -  << "Server: cloudflare[\r][\n]"
[main] DEBUG org.apache.http.wire  -  << "CF-RAY: 6b8586f1bb9437f4-IAD[\r][\n]"
[main] DEBUG org.apache.http.wire  -  << "alt-svc: h3=":443"; ma=86400, h3-29=":443"; ma=86400, h3-28=":443"; ma=86400, h3-27=":443"; ma=86400[\r][\n]"
[main] DEBUG org.apache.http.wire  -  << "[\r][\n]"
[main] DEBUG org.apache.http.impl.conn.DefaultClientConnection  - Receiving response: HTTP/1.1 201 Created
[main] DEBUG org.apache.http.headers  - << HTTP/1.1 201 Created
[main] DEBUG org.apache.http.headers  - << Date: Sat, 04 Dec 2021 13:54:31 GMT
[main] DEBUG org.apache.http.headers  - << Content-Type: application/json; charset=utf-8
[main] DEBUG org.apache.http.headers  - << Content-Length: 123
[main] DEBUG org.apache.http.headers  - << Connection: keep-alive
[main] DEBUG org.apache.http.headers  - << x-powered-by: Express
[main] DEBUG org.apache.http.headers  - << access-control-allow-origin: *
[main] DEBUG org.apache.http.headers  - << etag: W/"7b-2jv8couE5Lu5H9jhDTdL0yWlSII"
[main] DEBUG org.apache.http.headers  - << via: 1.1 vegur
[main] DEBUG org.apache.http.headers  - << CF-Cache-Status: DYNAMIC
[main] DEBUG org.apache.http.headers  - << Expect-CT: max-age=604800, report-uri="https://report-uri.cloudflare.com/cdn-cgi/beacon/expect-ct"
[main] DEBUG org.apache.http.headers  - << Report-To: {"endpoints":[{"url":"https:\/\/a.nel.cloudflare.com\/report\/v3?s=HI30Ap1MmYQUeaX0N4U9Id%2F85NTkQ7HLqvr%2Bvzle2HkOgI9I5%2BCZf4UP9ipFSDP7cqFFFTVYJVhVPyq%2BgYvl6H%2BfS7MTLjM%2FcGymt3B4rNVWuazhPdg4jOGXfbQ%3D"}],"group":"cf-nel","max_age":604800}
[main] DEBUG org.apache.http.headers  - << NEL: {"success_fraction":0,"report_to":"cf-nel","max_age":604800}
[main] DEBUG org.apache.http.headers  - << Server: cloudflare
[main] DEBUG org.apache.http.headers  - << CF-RAY: 6b8586f1bb9437f4-IAD
[main] DEBUG org.apache.http.headers  - << alt-svc: h3=":443"; ma=86400, h3-29=":443"; ma=86400, h3-28=":443"; ma=86400, h3-27=":443"; ma=86400
[main] DEBUG org.apache.http.impl.client.DefaultHttpClient  - Connection can be kept alive indefinitely
[main] DEBUG io.restassured.internal.RequestSpecificationImpl$RestAssuredHttpBuilder  - Parsing response as: application/json; charset=utf-8
[main] DEBUG io.restassured.internal.RequestSpecificationImpl$RestAssuredHttpBuilder  - Parsed data to instance of: class org.apache.http.conn.EofSensorInputStream
[main] DEBUG org.apache.http.wire  -  << "[{"id":100,"email":"abc@xyz.com","first_name":"Nik","last_name":"Shah","avatar":"https://reqres.in/img/faces/1-image.jpg"}]"
[main] DEBUG org.apache.http.impl.conn.BasicClientConnectionManager  - Releasing connection org.apache.http.impl.conn.ManagedClientConnectionImpl@29a60c27
[main] DEBUG org.apache.http.impl.conn.BasicClientConnectionManager  - Connection can be kept alive indefinitely
[main] INFO  APILogs  - ********* started the get call***********
[main] DEBUG org.apache.http.impl.conn.BasicClientConnectionManager  - Get connection for route {s}->https://reqres.in:443
[main] DEBUG org.apache.http.impl.conn.DefaultClientConnectionOperator  - Connecting to reqres.in:443
[main] DEBUG org.apache.http.client.protocol.RequestAddCookies  - CookieSpec selected: ignoreCookies
[main] DEBUG org.apache.http.client.protocol.RequestAuthCache  - Auth cache not set in the context
[main] DEBUG org.apache.http.client.protocol.RequestTargetAuthentication  - Target auth state: UNCHALLENGED
[main] DEBUG org.apache.http.client.protocol.RequestProxyAuthentication  - Proxy auth state: UNCHALLENGED
[main] DEBUG org.apache.http.impl.client.DefaultHttpClient  - Attempt 1 to execute request
[main] DEBUG org.apache.http.impl.conn.DefaultClientConnection  - Sending request: GET /api/users HTTP/1.1
[main] DEBUG org.apache.http.wire  -  >> "GET /api/users HTTP/1.1[\r][\n]"
[main] DEBUG org.apache.http.wire  -  >> "Accept: */*[\r][\n]"
[main] DEBUG org.apache.http.wire  -  >> "Host: reqres.in[\r][\n]"
[main] DEBUG org.apache.http.wire  -  >> "Connection: Keep-Alive[\r][\n]"
[main] DEBUG org.apache.http.wire  -  >> "User-Agent: Apache-HttpClient/4.5.3 (Java/1.8.0_265)[\r][\n]"
[main] DEBUG org.apache.http.wire  -  >> "Accept-Encoding: gzip,deflate[\r][\n]"
[main] DEBUG org.apache.http.wire  -  >> "[\r][\n]"
[main] DEBUG org.apache.http.headers  - >> GET /api/users HTTP/1.1
[main] DEBUG org.apache.http.headers  - >> Accept: */*
[main] DEBUG org.apache.http.headers  - >> Host: reqres.in
[main] DEBUG org.apache.http.headers  - >> Connection: Keep-Alive
[main] DEBUG org.apache.http.headers  - >> User-Agent: Apache-HttpClient/4.5.3 (Java/1.8.0_265)
[main] DEBUG org.apache.http.headers  - >> Accept-Encoding: gzip,deflate
[main] DEBUG org.apache.http.wire  -  << "HTTP/1.1 200 OK[\r][\n]"
[main] DEBUG org.apache.http.wire  -  << "Date: Sat, 04 Dec 2021 14:31:12 GMT[\r][\n]"
[main] DEBUG org.apache.http.wire  -  << "Content-Type: application/json; charset=utf-8[\r][\n]"
[main] DEBUG org.apache.http.wire  -  << "Transfer-Encoding: chunked[\r][\n]"
[main] DEBUG org.apache.http.wire  -  << "Connection: keep-alive[\r][\n]"
[main] DEBUG org.apache.http.wire  -  << "x-powered-by: Express[\r][\n]"
[main] DEBUG org.apache.http.wire  -  << "access-control-allow-origin: *[\r][\n]"
[main] DEBUG org.apache.http.wire  -  << "etag: W/"3e4-2RLXvr5wTg9YQ6aH95CkYoFNuO8"[\r][\n]"
[main] DEBUG org.apache.http.wire  -  << "via: 1.1 vegur[\r][\n]"
[main] DEBUG org.apache.http.wire  -  << "Cache-Control: max-age=14400[\r][\n]"
[main] DEBUG org.apache.http.wire  -  << "CF-Cache-Status: HIT[\r][\n]"
[main] DEBUG org.apache.http.wire  -  << "Age: 6542[\r][\n]"
[main] DEBUG org.apache.http.wire  -  << "Expect-CT: max-age=604800, report-uri="https://report-uri.cloudflare.com/cdn-cgi/beacon/expect-ct"[\r][\n]"
[main] DEBUG org.apache.http.wire  -  << "Report-To: {"endpoints":[{"url":"https:\/\/a.nel.cloudflare.com\/report\/v3?s=lnvS7OTfS98CSon%2FgkXcM%2FvRM6du0%2BWPWoOWX9%2BbypOizW0WCLuga2lhbpPE%2BKPRhde%2BYUx2CyAQdtQR4XkspN1Ebwd0%2BdP2oFPVp2acgtb1UrQvK9gqsF5NBDs%3D"}],"group":"cf-nel","max_age":604800}[\r][\n]"
[main] DEBUG org.apache.http.wire  -  << "NEL: {"success_fraction":0,"report_to":"cf-nel","max_age":604800}[\r][\n]"
[main] DEBUG org.apache.http.wire  -  << "Vary: Accept-Encoding[\r][\n]"
[main] DEBUG org.apache.http.wire  -  << "Server: cloudflare[\r][\n]"
[main] DEBUG org.apache.http.wire  -  << "CF-RAY: 6b85bcac9f37cf04-IAD[\r][\n]"
[main] DEBUG org.apache.http.wire  -  << "Content-Encoding: gzip[\r][\n]"
[main] DEBUG org.apache.http.wire  -  << "alt-svc: h3=":443"; ma=86400, h3-29=":443"; ma=86400, h3-28=":443"; ma=86400, h3-27=":443"; ma=86400[\r][\n]"
[main] DEBUG org.apache.http.wire  -  << "[\r][\n]"
[main] DEBUG org.apache.http.impl.conn.DefaultClientConnection  - Receiving response: HTTP/1.1 200 OK
[main] DEBUG org.apache.http.headers  - << HTTP/1.1 200 OK
[main] DEBUG org.apache.http.headers  - << Date: Sat, 04 Dec 2021 14:31:12 GMT
[main] DEBUG org.apache.http.headers  - << Content-Type: application/json; charset=utf-8
[main] DEBUG org.apache.http.headers  - << Transfer-Encoding: chunked
[main] DEBUG org.apache.http.headers  - << Connection: keep-alive
[main] DEBUG org.apache.http.headers  - << x-powered-by: Express
[main] DEBUG org.apache.http.headers  - << access-control-allow-origin: *
[main] DEBUG org.apache.http.headers  - << etag: W/"3e4-2RLXvr5wTg9YQ6aH95CkYoFNuO8"
[main] DEBUG org.apache.http.headers  - << via: 1.1 vegur
[main] DEBUG org.apache.http.headers  - << Cache-Control: max-age=14400
[main] DEBUG org.apache.http.headers  - << CF-Cache-Status: HIT
[main] DEBUG org.apache.http.headers  - << Age: 6542
[main] DEBUG org.apache.http.headers  - << Expect-CT: max-age=604800, report-uri="https://report-uri.cloudflare.com/cdn-cgi/beacon/expect-ct"
[main] DEBUG org.apache.http.headers  - << Report-To: {"endpoints":[{"url":"https:\/\/a.nel.cloudflare.com\/report\/v3?s=lnvS7OTfS98CSon%2FgkXcM%2FvRM6du0%2BWPWoOWX9%2BbypOizW0WCLuga2lhbpPE%2BKPRhde%2BYUx2CyAQdtQR4XkspN1Ebwd0%2BdP2oFPVp2acgtb1UrQvK9gqsF5NBDs%3D"}],"group":"cf-nel","max_age":604800}
[main] DEBUG org.apache.http.headers  - << NEL: {"success_fraction":0,"report_to":"cf-nel","max_age":604800}
[main] DEBUG org.apache.http.headers  - << Vary: Accept-Encoding
[main] DEBUG org.apache.http.headers  - << Server: cloudflare
[main] DEBUG org.apache.http.headers  - << CF-RAY: 6b85bcac9f37cf04-IAD
[main] DEBUG org.apache.http.headers  - << Content-Encoding: gzip
[main] DEBUG org.apache.http.headers  - << alt-svc: h3=":443"; ma=86400, h3-29=":443"; ma=86400, h3-28=":443"; ma=86400, h3-27=":443"; ma=86400
[main] DEBUG org.apache.http.impl.client.DefaultHttpClient  - Connection can be kept alive indefinitely
[main] DEBUG io.restassured.internal.RequestSpecificationImpl$RestAssuredHttpBuilder  - Parsing response as: application/json; charset=utf-8
[main] DEBUG org.apache.http.wire  -  << "170[\r][\n]"
[main] DEBUG org.apache.http.wire  -  << "[0x1f][0x8b][0x8][0x0][0x0][0x0][0x0][0x0][0x0][0x3][0x8d][0xd1]MK[0xc4]0[0x10][0x6][0xe0][0xbf][0x12][0xc7]kl[0xd9][0xf][0xf7][0x90][0x93]([0xa2][0x8]^[0x16][0xc1][0x83][0x88][0x8c][0xed]l[0x1b]m[0x9a]8[0x99][0xed]*[0xcb][0xfe]w[0xd9][0xae]X)][0xe9]-[0x1f][0xef][0x9b]y [[0x8]X[0x10][0x98][0x89][0x86]@[0xfc]r[0xd8],4[0x88][0x17][0xac][0xc0]L[0xa6]?[0xcb][0xf6]&[0x82][0x99]j[0xc8]Q[0x10][0xcc][0xd3][0x16]l[0xde][0xf6][0xc8][0xa1][0xad][0xc0]@A[0x9e][0xb]J^[0xab][0xb5][0x94][0x17]L[0x1f]L1[0xb1]5hXY[0x8e][0xf2]R[0xa3]#0p[0xd3][0xa6]@C[0x85][0xdd][0xe1][0xe5][0xbe][0x3][0x1a][0xb0]AA[0x6][0x3][0xa5]H[0x88]&M[0x9f]I[0xad]+[0xd2][0x15]f[0x14][0xd3][0xc9][0x99]uXP[0xf2][0x16][\n]"
[main] DEBUG org.apache.http.wire  -  << "[0xd8][0xe9][0x3]c[0xda]1[0xde][0xb0]&I6[0x84][\r][0xf1]q[0xc6][0xdd]>[0xd5]S<[0xb6][0x9d][0xb1][0x8c][0xe9][0x0]c[0xd6]1[0xc8]9L6[0xbe].[0x8e][0x1b][0xae][0x9d][0xc3]>[0xc1][0xd7][0xc5]X[0xc0]l[0x0]0[0xff][0x3]h()}%[0xff][0xcc]o[0xfa][0xff]p[0xeb]+[0x19];~>0[0xfe][0xbc][0x1b][0x9f][0x95][0xc8][0x15][0xc5][0xc4]yf[0x1b][0x8f]#[0xae][0xe][0xb9][0x1e][0xe4][0xbe]m[0x8d][0xa5][0x9c][0xf]P[0x16][0x1d]E[0x18]3[0xfa]J[0x18][0x9d][0xff][0x7][0xf2][0xd0][0xa6]z[0x8e][0xe5][0xbe]3[0x96][0xb1][0xf8][0xcb]x[0xd6][0x10][0xd7]!x[0x16]0[Xs5X>[0xfd][0xc9][0x9c][0x95][0x84][0xb9]m[0xff]^[0xe8]S[0xf6][0x1c][0xaf][0xde][0x89][0x82]Z[0xd2][0xc7][0x92][0xa2]Z1[0x91]V[0x99][0xaf][0x85][0xed][0xeb]Z[0xac][0xaf][0xa3][0x12][0xbf]A[0xce][0xa3][0x8a][0xc4][\r][0xb1][0xca]|[0x94][0xa8][0x90]Ia[0x8]L[0x99]E[0xa1][0xfc][0x4]v[0xbb]o[0xcc]?[0x16][0xce][0xe4][0x3][0x0][0x0]"
[main] DEBUG org.apache.http.wire  -  << "[\r][\n]"
[main] DEBUG org.apache.http.wire  -  << "0[\r][\n]"
[main] DEBUG org.apache.http.wire  -  << "[\r][\n]"
[main] DEBUG io.restassured.internal.RequestSpecificationImpl$RestAssuredHttpBuilder  - Parsed data to instance of: class org.apache.http.conn.EofSensorInputStream
[main] DEBUG org.apache.http.impl.conn.BasicClientConnectionManager  - Releasing connection org.apache.http.impl.conn.ManagedClientConnectionImpl@5b6813df
[main] DEBUG org.apache.http.impl.conn.BasicClientConnectionManager  - Connection can be kept alive indefinitely
[main] INFO  APILogs  - ********* started the get call***********
[main] DEBUG org.apache.http.impl.conn.BasicClientConnectionManager  - Get connection for route {s}->https://reqres.in:443
[main] DEBUG org.apache.http.impl.conn.DefaultClientConnectionOperator  - Connecting to reqres.in:443
[main] DEBUG org.apache.http.client.protocol.RequestAddCookies  - CookieSpec selected: ignoreCookies
[main] DEBUG org.apache.http.client.protocol.RequestAuthCache  - Auth cache not set in the context
[main] DEBUG org.apache.http.client.protocol.RequestTargetAuthentication  - Target auth state: UNCHALLENGED
[main] DEBUG org.apache.http.client.protocol.RequestProxyAuthentication  - Proxy auth state: UNCHALLENGED
[main] DEBUG org.apache.http.impl.client.DefaultHttpClient  - Attempt 1 to execute request
[main] DEBUG org.apache.http.impl.conn.DefaultClientConnection  - Sending request: POST /api/users HTTP/1.1
[main] DEBUG org.apache.http.wire  -  >> "POST /api/users HTTP/1.1[\r][\n]"
[main] DEBUG org.apache.http.wire  -  >> "Accept: application/json, application/javascript, text/javascript, text/json[\r][\n]"
[main] DEBUG org.apache.http.wire  -  >> "Content-Type: application/json; charset=UTF-8[\r][\n]"
[main] DEBUG org.apache.http.wire  -  >> "Content-Length: 184[\r][\n]"
[main] DEBUG org.apache.http.wire  -  >> "Host: reqres.in[\r][\n]"
[main] DEBUG org.apache.http.wire  -  >> "Connection: Keep-Alive[\r][\n]"
[main] DEBUG org.apache.http.wire  -  >> "User-Agent: Apache-HttpClient/4.5.3 (Java/1.8.0_265)[\r][\n]"
[main] DEBUG org.apache.http.wire  -  >> "Accept-Encoding: gzip,deflate[\r][\n]"
[main] DEBUG org.apache.http.wire  -  >> "[\r][\n]"
[main] DEBUG org.apache.http.headers  - >> POST /api/users HTTP/1.1
[main] DEBUG org.apache.http.headers  - >> Accept: application/json, application/javascript, text/javascript, text/json
[main] DEBUG org.apache.http.headers  - >> Content-Type: application/json; charset=UTF-8
[main] DEBUG org.apache.http.headers  - >> Content-Length: 184
[main] DEBUG org.apache.http.headers  - >> Host: reqres.in
[main] DEBUG org.apache.http.headers  - >> Connection: Keep-Alive
[main] DEBUG org.apache.http.headers  - >> User-Agent: Apache-HttpClient/4.5.3 (Java/1.8.0_265)
[main] DEBUG org.apache.http.headers  - >> Accept-Encoding: gzip,deflate
[main] DEBUG org.apache.http.wire  -  >> "[[\n]"
[main] DEBUG org.apache.http.wire  -  >> "    {[\n]"
[main] DEBUG org.apache.http.wire  -  >> "        "id": 100,[\n]"
[main] DEBUG org.apache.http.wire  -  >> "        "email": "abc@xyz.com",[\n]"
[main] DEBUG org.apache.http.wire  -  >> "        "first_name": "Nik",[\n]"
[main] DEBUG org.apache.http.wire  -  >> "        "last_name": "Shah",[\n]"
[main] DEBUG org.apache.http.wire  -  >> "        "avatar": "https://reqres.in/img/faces/1-image.jpg"[\n]"
[main] DEBUG org.apache.http.wire  -  >> "    }[\n]"
[main] DEBUG org.apache.http.wire  -  >> "]"
[main] DEBUG org.apache.http.wire  -  << "HTTP/1.1 201 Created[\r][\n]"
[main] DEBUG org.apache.http.wire  -  << "Date: Sat, 04 Dec 2021 14:31:12 GMT[\r][\n]"
[main] DEBUG org.apache.http.wire  -  << "Content-Type: application/json; charset=utf-8[\r][\n]"
[main] DEBUG org.apache.http.wire  -  << "Content-Length: 123[\r][\n]"
[main] DEBUG org.apache.http.wire  -  << "Connection: keep-alive[\r][\n]"
[main] DEBUG org.apache.http.wire  -  << "x-powered-by: Express[\r][\n]"
[main] DEBUG org.apache.http.wire  -  << "access-control-allow-origin: *[\r][\n]"
[main] DEBUG org.apache.http.wire  -  << "etag: W/"7b-2jv8couE5Lu5H9jhDTdL0yWlSII"[\r][\n]"
[main] DEBUG org.apache.http.wire  -  << "via: 1.1 vegur[\r][\n]"
[main] DEBUG org.apache.http.wire  -  << "CF-Cache-Status: DYNAMIC[\r][\n]"
[main] DEBUG org.apache.http.wire  -  << "Expect-CT: max-age=604800, report-uri="https://report-uri.cloudflare.com/cdn-cgi/beacon/expect-ct"[\r][\n]"
[main] DEBUG org.apache.http.wire  -  << "Report-To: {"endpoints":[{"url":"https:\/\/a.nel.cloudflare.com\/report\/v3?s=M%2FC2eJwLZzZBc4PSjiiOsDFex9yh%2F5Er6i9xQ8gfTmXmlNX37%2BPW5sI%2FcOGbhHXIBtHyxnO5JGhYXAR1WzkIYVhe9RC3kkMLFukOX%2Bp1VGaSPm%2F5tDlNfqOcb0U%3D"}],"group":"cf-nel","max_age":604800}[\r][\n]"
[main] DEBUG org.apache.http.wire  -  << "NEL: {"success_fraction":0,"report_to":"cf-nel","max_age":604800}[\r][\n]"
[main] DEBUG org.apache.http.wire  -  << "Server: cloudflare[\r][\n]"
[main] DEBUG org.apache.http.wire  -  << "CF-RAY: 6b85bcaebc6c5848-IAD[\r][\n]"
[main] DEBUG org.apache.http.wire  -  << "alt-svc: h3=":443"; ma=86400, h3-29=":443"; ma=86400, h3-28=":443"; ma=86400, h3-27=":443"; ma=86400[\r][\n]"
[main] DEBUG org.apache.http.wire  -  << "[\r][\n]"
[main] DEBUG org.apache.http.impl.conn.DefaultClientConnection  - Receiving response: HTTP/1.1 201 Created
[main] DEBUG org.apache.http.headers  - << HTTP/1.1 201 Created
[main] DEBUG org.apache.http.headers  - << Date: Sat, 04 Dec 2021 14:31:12 GMT
[main] DEBUG org.apache.http.headers  - << Content-Type: application/json; charset=utf-8
[main] DEBUG org.apache.http.headers  - << Content-Length: 123
[main] DEBUG org.apache.http.headers  - << Connection: keep-alive
[main] DEBUG org.apache.http.headers  - << x-powered-by: Express
[main] DEBUG org.apache.http.headers  - << access-control-allow-origin: *
[main] DEBUG org.apache.http.headers  - << etag: W/"7b-2jv8couE5Lu5H9jhDTdL0yWlSII"
[main] DEBUG org.apache.http.headers  - << via: 1.1 vegur
[main] DEBUG org.apache.http.headers  - << CF-Cache-Status: DYNAMIC
[main] DEBUG org.apache.http.headers  - << Expect-CT: max-age=604800, report-uri="https://report-uri.cloudflare.com/cdn-cgi/beacon/expect-ct"
[main] DEBUG org.apache.http.headers  - << Report-To: {"endpoints":[{"url":"https:\/\/a.nel.cloudflare.com\/report\/v3?s=M%2FC2eJwLZzZBc4PSjiiOsDFex9yh%2F5Er6i9xQ8gfTmXmlNX37%2BPW5sI%2FcOGbhHXIBtHyxnO5JGhYXAR1WzkIYVhe9RC3kkMLFukOX%2Bp1VGaSPm%2F5tDlNfqOcb0U%3D"}],"group":"cf-nel","max_age":604800}
[main] DEBUG org.apache.http.headers  - << NEL: {"success_fraction":0,"report_to":"cf-nel","max_age":604800}
[main] DEBUG org.apache.http.headers  - << Server: cloudflare
[main] DEBUG org.apache.http.headers  - << CF-RAY: 6b85bcaebc6c5848-IAD
[main] DEBUG org.apache.http.headers  - << alt-svc: h3=":443"; ma=86400, h3-29=":443"; ma=86400, h3-28=":443"; ma=86400, h3-27=":443"; ma=86400
[main] DEBUG org.apache.http.impl.client.DefaultHttpClient  - Connection can be kept alive indefinitely
[main] DEBUG io.restassured.internal.RequestSpecificationImpl$RestAssuredHttpBuilder  - Parsing response as: application/json; charset=utf-8
[main] DEBUG io.restassured.internal.RequestSpecificationImpl$RestAssuredHttpBuilder  - Parsed data to instance of: class org.apache.http.conn.EofSensorInputStream
[main] DEBUG org.apache.http.wire  -  << "[{"id":100,"email":"abc@xyz.com","first_name":"Nik","last_name":"Shah","avatar":"https://reqres.in/img/faces/1-image.jpg"}]"
[main] DEBUG org.apache.http.impl.conn.BasicClientConnectionManager  - Releasing connection org.apache.http.impl.conn.ManagedClientConnectionImpl@7cc586a8
[main] DEBUG org.apache.http.impl.conn.BasicClientConnectionManager  - Connection can be kept alive indefinitely
